app/build/outputs/logs/manifest-merger-debug-report.txt
-- Merging decision tree log ---
manifest
ADDED from src\main\AndroidManifest.xml:2:1-118:12
	package
		ADDED from src\main\AndroidManifest.xml:3:5-39
		INJECTED from src\main\AndroidManifest.xml
		INJECTED from src\main\AndroidManifest.xml
	android:versionName
		INJECTED from src\main\AndroidManifest.xml
		INJECTED from src\main\AndroidManifest.xml
	xmlns:android
		ADDED from src\main\AndroidManifest.xml:2:11-69
	android:versionCode
		INJECTED from src\main\AndroidManifest.xml
		INJECTED from src\main\AndroidManifest.xml
uses-permission#android.permission.READ_EXTERNAL_STORAGE
ADDED from src\main\AndroidManifest.xml:6:5-80
	android:name
		ADDED from src\main\AndroidManifest.xml:6:22-77
uses-permission#android.permission.WRITE_EXTERNAL_STORAGE
ADDED from src\main\AndroidManifest.xml:7:5-81
	android:name
		ADDED from src\main\AndroidManifest.xml:7:22-78
uses-permission#android.permission.ACCESS_FINE_LOCATION
ADDED from src\main\AndroidManifest.xml:8:5-79
	android:name
		ADDED from src\main\AndroidManifest.xml:8:22-76
uses-permission#android.permission.ACCESS_COARSE_LOCATION
ADDED from src\main\AndroidManifest.xml:9:5-81
	android:name
		ADDED from src\main\AndroidManifest.xml:9:22-78
uses-permission#android.permission.CAMERA
ADDED from src\main\AndroidManifest.xml:10:5-65
	android:name
		ADDED from src\main\AndroidManifest.xml:10:22-62
application
ADDED from src\main\AndroidManifest.xml:12:5-116:19
MERGED from [com.android.support:design:25.3.1] AndroidManifest.xml:29:5-20
MERGED from [com.android.support:appcompat-v7:25.3.1] AndroidManifest.xml:29:5-20
MERGED from [com.android.support:animated-vector-drawable:25.3.1] AndroidManifest.xml:26:5-20
MERGED from [com.android.support:support-vector-drawable:25.3.1] AndroidManifest.xml:26:5-20
MERGED from [com.android.support:transition:25.3.1] AndroidManifest.xml:26:5-20
MERGED from [com.mohamadamin:persianmaterialdatetimepicker:1.2.1] AndroidManifest.xml:28:5-20
MERGED from [com.google.android.gms:play-services-places:10.2.6] AndroidManifest.xml:18:5-19
MERGED from [com.google.android.gms:play-services-maps:10.2.6] AndroidManifest.xml:24:5-19
MERGED from [com.google.android.gms:play-services-base:10.2.6] AndroidManifest.xml:18:5-20:19
MERGED from [com.google.android.gms:play-services-tasks:10.2.6] AndroidManifest.xml:4:5-19
MERGED from [com.google.android.gms:play-services-basement:10.2.6] AndroidManifest.xml:19:5-21:19
MERGED from [com.android.support.constraint:constraint-layout:1.0.0-alpha7] AndroidManifest.xml:9:5-20
MERGED from [com.android.support:support-v4:25.3.1] AndroidManifest.xml:29:5-20
MERGED from [com.android.support:support-fragment:25.3.1] AndroidManifest.xml:29:5-20
MERGED from [com.android.support:support-media-compat:25.3.1] AndroidManifest.xml:29:5-20
MERGED from [com.android.support:support-core-ui:25.3.1] AndroidManifest.xml:29:5-20
MERGED from [com.android.support:support-core-utils:25.3.1] AndroidManifest.xml:29:5-20
MERGED from [com.android.support:support-compat:25.3.1] AndroidManifest.xml:29:5-20
	android:label
		ADDED from src\main\AndroidManifest.xml:15:9-41
	android:supportsRtl
		ADDED from src\main\AndroidManifest.xml:17:9-35
	android:roundIcon
		ADDED from src\main\AndroidManifest.xml:16:9-54
	android:allowBackup
		ADDED from src\main\AndroidManifest.xml:13:9-35
	android:icon
		ADDED from src\main\AndroidManifest.xml:14:9-41
	android:theme
		ADDED from src\main\AndroidManifest.xml:18:9-40
activity#com.example.zeinab.menu2.MainActivity
ADDED from src\main\AndroidManifest.xml:19:9-28:20
	android:label
		ADDED from src\main\AndroidManifest.xml:21:13-45
	android:theme
		ADDED from src\main\AndroidManifest.xml:22:13-56
	android:name
		ADDED from src\main\AndroidManifest.xml:20:13-41
intent-filter#android.intent.action.MAIN+android.intent.category.LAUNCHER
ADDED from src\main\AndroidManifest.xml:23:13-27:29
action#android.intent.action.MAIN
ADDED from src\main\AndroidManifest.xml:24:17-69
	android:name
		ADDED from src\main\AndroidManifest.xml:24:25-66
category#android.intent.category.LAUNCHER
ADDED from src\main\AndroidManifest.xml:26:17-77
	android:name
		ADDED from src\main\AndroidManifest.xml:26:27-74
activity#com.example.zeinab.menu2.First
ADDED from src\main\AndroidManifest.xml:29:9-43
	android:name
		ADDED from src\main\AndroidManifest.xml:29:19-40
activity#com.example.zeinab.menu2.ScrollingActivity
ADDED from src\main\AndroidManifest.xml:30:9-33:59
	android:label
		ADDED from src\main\AndroidManifest.xml:32:13-61
	android:theme
		ADDED from src\main\AndroidManifest.xml:33:13-56
	android:name
		ADDED from src\main\AndroidManifest.xml:31:13-46
activity#com.example.zeinab.menu2.ShowInstructions
ADDED from src\main\AndroidManifest.xml:34:9-37:59
	android:label
		ADDED from src\main\AndroidManifest.xml:36:13-66
	android:theme
		ADDED from src\main\AndroidManifest.xml:37:13-56
	android:name
		ADDED from src\main\AndroidManifest.xml:35:13-45
activity#com.example.zeinab.menu2.ShowStandards
ADDED from src\main\AndroidManifest.xml:38:9-41:59
	android:label
		ADDED from src\main\AndroidManifest.xml:40:13-66
	android:theme
		ADDED from src\main\AndroidManifest.xml:41:13-56
	android:name
		ADDED from src\main\AndroidManifest.xml:39:13-42
activity#com.example.zeinab.menu2.viewImage
ADDED from src\main\AndroidManifest.xml:42:9-45:59
	android:label
		ADDED from src\main\AndroidManifest.xml:44:13-39
	android:theme
		ADDED from src\main\AndroidManifest.xml:45:13-56
	android:name
		ADDED from src\main\AndroidManifest.xml:43:13-38
activity#com.example.zeinab.menu2.ListInstructions
ADDED from src\main\AndroidManifest.xml:46:9-49:59
	android:label
		ADDED from src\main\AndroidManifest.xml:48:13-45
	android:theme
		ADDED from src\main\AndroidManifest.xml:49:13-56
	android:name
		ADDED from src\main\AndroidManifest.xml:47:13-45
activity#com.example.zeinab.menu2.InstructionList
ADDED from src\main\AndroidManifest.xml:51:9-53:59
	android:theme
		ADDED from src\main\AndroidManifest.xml:53:13-56
	android:name
		ADDED from src\main\AndroidManifest.xml:52:13-44
activity#com.example.zeinab.menu2.Search
ADDED from src\main\AndroidManifest.xml:54:9-44
	android:name
		ADDED from src\main\AndroidManifest.xml:54:19-41
activity#com.example.zeinab.menu2.ListStandards
ADDED from src\main\AndroidManifest.xml:55:9-58:59
	android:label
		ADDED from src\main\AndroidManifest.xml:57:13-45
	android:theme
		ADDED from src\main\AndroidManifest.xml:58:13-56
	android:name
		ADDED from src\main\AndroidManifest.xml:56:13-42
activity#com.example.zeinab.menu2.About
ADDED from src\main\AndroidManifest.xml:59:9-43
	android:name
		ADDED from src\main\AndroidManifest.xml:59:19-40
activity#com.example.zeinab.menu2.CreateProject
ADDED from src\main\AndroidManifest.xml:60:9-63:59
	android:label
		ADDED from src\main\AndroidManifest.xml:62:13-66
	android:theme
		ADDED from src\main\AndroidManifest.xml:63:13-56
	android:name
		ADDED from src\main\AndroidManifest.xml:61:13-42
activity#com.example.zeinab.menu2.project.ObserverList
ADDED from src\main\AndroidManifest.xml:64:9-66:59
	android:theme
		ADDED from src\main\AndroidManifest.xml:66:13-56
	android:name
		ADDED from src\main\AndroidManifest.xml:65:13-49
activity#com.example.zeinab.menu2.DesignerList
ADDED from src\main\AndroidManifest.xml:67:9-69:59
	android:theme
		ADDED from src\main\AndroidManifest.xml:69:13-56
	android:name
		ADDED from src\main\AndroidManifest.xml:68:13-41
activity#com.example.zeinab.menu2.OwnerList
ADDED from src\main\AndroidManifest.xml:70:9-72:59
	android:theme
		ADDED from src\main\AndroidManifest.xml:72:13-56
	android:name
		ADDED from src\main\AndroidManifest.xml:71:13-38
activity#com.example.zeinab.menu2.ContractorList
ADDED from src\main\AndroidManifest.xml:73:9-75:59
	android:theme
		ADDED from src\main\AndroidManifest.xml:75:13-56
	android:name
		ADDED from src\main\AndroidManifest.xml:74:13-43
activity#com.example.zeinab.menu2.ProjectList
ADDED from src\main\AndroidManifest.xml:76:9-79:59
	android:label
		ADDED from src\main\AndroidManifest.xml:78:13-40
	android:theme
		ADDED from src\main\AndroidManifest.xml:79:13-56
	android:name
		ADDED from src\main\AndroidManifest.xml:77:13-40
activity#com.example.zeinab.menu2.ShowProject
ADDED from src\main\AndroidManifest.xml:80:9-83:59
	android:label
		ADDED from src\main\AndroidManifest.xml:82:13-64
	android:theme
		ADDED from src\main\AndroidManifest.xml:83:13-56
	android:name
		ADDED from src\main\AndroidManifest.xml:81:13-40
activity#com.example.zeinab.menu2.AddDesigner
ADDED from src\main\AndroidManifest.xml:84:9-86:59
	android:theme
		ADDED from src\main\AndroidManifest.xml:86:13-56
	android:name
		ADDED from src\main\AndroidManifest.xml:85:13-40
activity#com.example.zeinab.menu2.AddOwner
ADDED from src\main\AndroidManifest.xml:87:9-89:59
	android:theme
		ADDED from src\main\AndroidManifest.xml:89:13-56
	android:name
		ADDED from src\main\AndroidManifest.xml:88:13-37
activity#com.example.zeinab.menu2.AddObserver
ADDED from src\main\AndroidManifest.xml:90:9-92:59
	android:theme
		ADDED from src\main\AndroidManifest.xml:92:13-56
	android:name
		ADDED from src\main\AndroidManifest.xml:91:13-40
activity#com.example.zeinab.menu2.AddContractor
ADDED from src\main\AndroidManifest.xml:93:9-95:59
	android:theme
		ADDED from src\main\AndroidManifest.xml:95:13-56
	android:name
		ADDED from src\main\AndroidManifest.xml:94:13-42
activity#com.example.zeinab.menu2.EditProject
ADDED from src\main\AndroidManifest.xml:96:9-99:68
	android:label
		ADDED from src\main\AndroidManifest.xml:98:13-64
	android:theme
		ADDED from src\main\AndroidManifest.xml:99:13-56
	android:name
		ADDED from src\main\AndroidManifest.xml:97:13-40
meta-data#com.google.android.geo.API_KEY
ADDED from src\main\AndroidManifest.xml:101:9-103:55
	android:value
		ADDED from src\main\AndroidManifest.xml:103:13-52
	android:name
		ADDED from src\main\AndroidManifest.xml:102:13-58
activity#com.example.zeinab.menu2.MapsActivity
ADDED from src\main\AndroidManifest.xml:105:9-107:59
	android:label
		ADDED from src\main\AndroidManifest.xml:107:13-56
	android:name
		ADDED from src\main\AndroidManifest.xml:106:13-41
activity#com.example.zeinab.menu2.listVisits
ADDED from src\main\AndroidManifest.xml:108:9-48
	android:name
		ADDED from src\main\AndroidManifest.xml:108:19-45
activity#com.example.zeinab.menu2.ShowVisit
ADDED from src\main\AndroidManifest.xml:109:9-47
	android:name
		ADDED from src\main\AndroidManifest.xml:109:19-44
activity#com.example.zeinab.menu2.gallery
ADDED from src\main\AndroidManifest.xml:110:9-54
	android:name
		ADDED from src\main\AndroidManifest.xml:110:19-42
activity#com.example.zeinab.menu2.createVisit
ADDED from src\main\AndroidManifest.xml:111:9-113:59
	android:theme
		ADDED from src\main\AndroidManifest.xml:113:13-56
	android:name
		ADDED from src\main\AndroidManifest.xml:112:13-40
uses-sdk
INJECTED from src\main\AndroidManifest.xml reason: use-sdk injection requested
MERGED from [com.android.support:design:25.3.1] AndroidManifest.xml:21:5-23:62
MERGED from [com.android.support:appcompat-v7:25.3.1] AndroidManifest.xml:21:5-23:78
MERGED from [com.android.support:animated-vector-drawable:25.3.1] AndroidManifest.xml:20:5-44
MERGED from [com.android.support:support-vector-drawable:25.3.1] AndroidManifest.xml:20:5-43
MERGED from [com.android.support:recyclerview-v7:25.3.1] AndroidManifest.xml:20:5-43
MERGED from [com.android.support:transition:25.3.1] AndroidManifest.xml:20:5-44
MERGED from [com.mohamadamin:persianmaterialdatetimepicker:1.2.1] AndroidManifest.xml:22:5-24:41
MERGED from [com.google.android.gms:play-services-places:10.2.6] AndroidManifest.xml:17:5-43
MERGED from [com.google.android.gms:play-services-maps:10.2.6] AndroidManifest.xml:23:5-43
MERGED from [com.google.android.gms:play-services-base:10.2.6] AndroidManifest.xml:17:5-43
MERGED from [com.google.android.gms:play-services-tasks:10.2.6] AndroidManifest.xml:3:5-43
MERGED from [com.google.android.gms:play-services-basement:10.2.6] AndroidManifest.xml:17:5-43
MERGED from [com.android.support.constraint:constraint-layout:1.0.0-alpha7] AndroidManifest.xml:5:5-7:41
MERGED from [com.android.support:support-v4:25.3.1] AndroidManifest.xml:21:5-23:54
MERGED from [com.android.support:support-fragment:25.3.1] AndroidManifest.xml:21:5-23:60
MERGED from [com.android.support:support-media-compat:25.3.1] AndroidManifest.xml:21:5-23:63
MERGED from [com.android.support:support-core-ui:25.3.1] AndroidManifest.xml:21:5-23:58
MERGED from [com.android.support:support-core-utils:25.3.1] AndroidManifest.xml:21:5-23:61
MERGED from [com.android.support:support-compat:25.3.1] AndroidManifest.xml:21:5-23:58
	tools:overrideLibrary
		ADDED from [com.android.support:design:25.3.1] AndroidManifest.xml:23:9-59
	android:targetSdkVersion
		INJECTED from src\main\AndroidManifest.xml
		INJECTED from src\main\AndroidManifest.xml
	android:minSdkVersion
		INJECTED from src\main\AndroidManifest.xml
		INJECTED from src\main\AndroidManifest.xml
meta-data#android.support.VERSION
ADDED from [com.android.support:design:25.3.1] AndroidManifest.xml:25:5-27:34
MERGED from [com.android.support:appcompat-v7:25.3.1] AndroidManifest.xml:25:5-27:34
MERGED from [com.android.support:animated-vector-drawable:25.3.1] AndroidManifest.xml:22:5-24:34
MERGED from [com.android.support:support-vector-drawable:25.3.1] AndroidManifest.xml:22:5-24:34
MERGED from [com.android.support:recyclerview-v7:25.3.1] AndroidManifest.xml:22:5-24:34
MERGED from [com.android.support:transition:25.3.1] AndroidManifest.xml:22:5-24:34
MERGED from [com.android.support:support-v4:25.3.1] AndroidManifest.xml:25:5-27:34
MERGED from [com.android.support:support-fragment:25.3.1] AndroidManifest.xml:25:5-27:34
MERGED from [com.android.support:support-media-compat:25.3.1] AndroidManifest.xml:25:5-27:34
MERGED from [com.android.support:support-core-ui:25.3.1] AndroidManifest.xml:25:5-27:34
MERGED from [com.android.support:support-core-utils:25.3.1] AndroidManifest.xml:25:5-27:34
MERGED from [com.android.support:support-compat:25.3.1] AndroidManifest.xml:25:5-27:34
	android:value
		ADDED from [com.android.support:design:25.3.1] AndroidManifest.xml:27:9-31
	android:name
		ADDED from [com.android.support:design:25.3.1] AndroidManifest.xml:26:9-47
uses-permission#android.permission.VIBRATE
ADDED from [com.mohamadamin:persianmaterialdatetimepicker:1.2.1] AndroidManifest.xml:26:5-66
	android:name
		ADDED from [com.mohamadamin:persianmaterialdatetimepicker:1.2.1] AndroidManifest.xml:26:22-63
uses-permission#android.permission.ACCESS_NETWORK_STATE
ADDED from [com.google.android.gms:play-services-maps:10.2.6] AndroidManifest.xml:19:5-78
	android:name
		ADDED from [com.google.android.gms:play-services-maps:10.2.6] AndroidManifest.xml:19:22-76
uses-permission#android.permission.INTERNET
ADDED from [com.google.android.gms:play-services-maps:10.2.6] AndroidManifest.xml:20:5-66
	android:name
		ADDED from [com.google.android.gms:play-services-maps:10.2.6] AndroidManifest.xml:20:22-64
uses-feature#0x00020000
ADDED from [com.google.android.gms:play-services-maps:10.2.6] AndroidManifest.xml:21:5-77
	android:glEsVersion
		ADDED from [com.google.android.gms:play-services-maps:10.2.6] AndroidManifest.xml:21:19-51
	android:required
		ADDED from [com.google.android.gms:play-services-maps:10.2.6] AndroidManifest.xml:21:52-75
activity#com.google.android.gms.common.api.GoogleApiActivity
ADDED from [com.google.android.gms:play-services-base:10.2.6] AndroidManifest.xml:19:9-172
	android:exported
		ADDED from [com.google.android.gms:play-services-base:10.2.6] AndroidManifest.xml:19:146-170
	android:theme
		ADDED from [com.google.android.gms:play-services-base:10.2.6] AndroidManifest.xml:19:86-145
	android:name
		ADDED from [com.google.android.gms:play-services-base:10.2.6] AndroidManifest.xml:19:19-85
meta-data#com.google.android.gms.version
ADDED from [com.google.android.gms:play-services-basement:10.2.6] AndroidManifest.xml:20:9-121
	android:value
		ADDED from [com.google.android.gms:play-services-basement:10.2.6] AndroidManifest.xml:20:66-119
	android:name
		ADDED from [com.google.android.gms:play-services-basement:10.2.6] AndroidManifest.xml:20:20-65